<?xml version="1.0" encoding="UTF-8"?>
<!-- Generated by org.testng.reporters.JUnitReportReporter -->
<testsuite hostname="DESKTOP-Q4NR4PC" failures="0" tests="1" name="SecondClass" time="2.183" errors="0" timestamp="2022-08-23T03:50:31 PDT" skipped="0">
  <testcase classname="SecondClass" name="BasedModulesignin" time="2.183"/>
  <system-out/>
</testsuite> <!-- SecondClass -->
