<?xml version="1.0" encoding="UTF-8"?>
<!-- Generated by org.testng.reporters.JUnitReportReporter -->
<testsuite hostname="DESKTOP-Q4NR4PC" failures="0" tests="7" name="SettingTest" time="10.383" errors="0" timestamp="2023-02-20T16:52:45 PKT" skipped="0">
  <testcase classname="SettingTest" name="verifyCityFieldValidation" time="1.098"/>
  <system-out/>
  <testcase classname="SettingTest" name="verifyFullNameFieldValidation" time="0.907"/>
  <system-out/>
  <testcase classname="SettingTest" name="verifyPhoneNumberFieldValidation" time="0.256"/>
  <system-out/>
  <testcase classname="SettingTest" name="verifyUserInformation" time="0.101"/>
  <system-out/>
  <testcase classname="SettingTest" name="verifyPageHeading" time="0.035"/>
  <system-out/>
  <testcase classname="SettingTest" name="verifyBlockLickSection" time="0.246"/>
  <system-out/>
  <testcase classname="SettingTest" name="verifyChatIconVisible" time="7.740"/>
  <system-out/>
</testsuite> <!-- SettingTest -->
