<?xml version="1.0" encoding="UTF-8"?>
<!-- Generated by org.testng.reporters.JUnitReportReporter -->
<testsuite hostname="DESKTOP-P2C7IQV" failures="0" tests="27" name="LiveForceTenantTest" time="494.211" errors="0" timestamp="2024-01-18T22:34:36 PKT" skipped="0">
  <testcase classname="LiveForceTenantTest" name="VerifyWidgetPageCopyCodeButton" time="23.011"/>
  <system-out/>
  <testcase classname="LiveForceTenantTest" name="VerifyActiveLeadsPage" time="11.253"/>
  <system-out/>
  <testcase classname="LiveForceTenantTest" name="VerifyAllTicketStatusOnMainTicketPage" time="14.325"/>
  <system-out/>
  <testcase classname="LiveForceTenantTest" name="VerifyDisputedLeadsPage" time="2.214"/>
  <system-out/>
  <testcase classname="LiveForceTenantTest" name="VerifyClosedLeadsPage" time="2.299"/>
  <system-out/>
  <testcase classname="LiveForceTenantTest" name="VerifyTicketAnsweredStatus" time="8.108"/>
  <system-out/>
  <testcase classname="LiveForceTenantTest" name="VerifyLeadFormPage" time="23.742"/>
  <system-out/>
  <testcase classname="LiveForceTenantTest" name="VerifyCallHistoryPage" time="5.059"/>
  <system-out/>
  <testcase classname="LiveForceTenantTest" name="VerifyNewTicketPage" time="24.853"/>
  <system-out/>
  <testcase classname="LiveForceTenantTest" name="VerifyTicketsPageOptions" time="30.990"/>
  <system-out/>
  <testcase classname="LiveForceTenantTest" name="VerifyLeadFormDataVisible" time="2.493"/>
  <system-out/>
  <testcase classname="LiveForceTenantTest" name="VerifyTicketDeletedonStatusTicketPage" time="30.814"/>
  <system-out/>
  <testcase classname="LiveForceTenantTest" name="VerifyLFAdminTitle" time="1.725"/>
  <system-out/>
  <testcase classname="LiveForceTenantTest" name="VerifyInfoicePage" time="3.484"/>
  <system-out/>
  <testcase classname="LiveForceTenantTest" name="VerifyScriptflowPage" time="2.791"/>
  <system-out/>
  <testcase classname="LiveForceTenantTest" name="VerifyTicketOnHoldStatus" time="28.599"/>
  <system-out/>
  <testcase classname="LiveForceTenantTest" name="VerifyTicketOpenStatus" time="28.142"/>
  <system-out/>
  <testcase classname="LiveForceTenantTest" name="VerifyTicketStatusPage" time="31.540"/>
  <system-out/>
  <testcase classname="LiveForceTenantTest" name="VerifyTicketInProgressStatus" time="28.215"/>
  <system-out/>
  <testcase classname="LiveForceTenantTest" name="VerifyWidgetsPage" time="23.701"/>
  <system-out/>
  <testcase classname="LiveForceTenantTest" name="VerifyCreateTicket" time="8.703"/>
  <system-out/>
  <testcase classname="LiveForceTenantTest" name="VerifyDeleteTicket" time="53.135"/>
  <system-out/>
  <testcase classname="LiveForceTenantTest" name="VerifyTicketsPagesRedirection" time="29.830"/>
  <system-out/>
  <testcase classname="LiveForceTenantTest" name="VerifyTicktsPage" time="32.919"/>
  <system-out/>
  <testcase classname="LiveForceTenantTest" name="VerifyGeneratedTicketResponse" time="10.450"/>
  <system-out/>
  <testcase classname="LiveForceTenantTest" name="VerifyTicketClosedStatus" time="30.110"/>
  <system-out/>
  <testcase classname="LiveForceTenantTest" name="VerifyStaffPage" time="1.706"/>
  <system-out/>
</testsuite> <!-- LiveForceTenantTest -->
