<?xml version="1.0" encoding="UTF-8"?>
<!-- Generated by org.testng.reporters.JUnitReportReporter -->
<testsuite hostname="DESKTOP-P2C7IQV" failures="0" tests="1" name="LFSuperAdminTest" time="36.500" errors="0" timestamp="2024-01-22T11:54:23 PKT" skipped="0">
  <testcase classname="LFSuperAdminTest" name="verifyPurchaseKey" time="36.500"/>
  <system-out/>
</testsuite> <!-- LFSuperAdminTest -->
