<?xml version="1.0" encoding="UTF-8"?>
<!-- Generated by org.testng.reporters.JUnitReportReporter -->
<testsuite hostname="Umair-Ahmed" failures="0" tests="4" name="directMacroTestPackage.DirectMacroTestCases" time="54.514" errors="0" timestamp="2024-04-29T15:54:11 PKT" skipped="0">
  <testcase classname="directMacroTestPackage.DirectMacroTestCases" name="searchBarTestCase" time="16.241"/>
  <system-out/>
  <testcase classname="directMacroTestPackage.DirectMacroTestCases" name="addToCartTestCases" time="14.008"/>
  <system-out/>
  <testcase classname="directMacroTestPackage.DirectMacroTestCases" name="productQuantityValidation" time="7.256"/>
  <system-out/>
  <testcase classname="directMacroTestPackage.DirectMacroTestCases" name="checkoutFormValidationVerfication" time="17.009"/>
  <system-out/>
</testsuite> <!-- directMacroTestPackage.DirectMacroTestCases -->
